%cd "C:\Users\z.grover\Documents\python\1_3_4"
# Wed, 02 Nov 2016 10:33:03
# zachgrover 1.3.4 IPython log

# Wed, 02 Nov 2016 10:34:49
food_id('apple')
# Wed, 02 Nov 2016 10:34:54
%run "c:\users\z3472~1.gro\appdata\local\temp\tmpcz4ip5.py"# Wed, 02 Nov 2016 10:35:05
food_id('apple')
#[Out]# 'NOT Citrus, Fruit'
# Wed, 02 Nov 2016 10:35:51
#2a line 17

# Wed, 02 Nov 2016 10:37:54
#2b
#15 'Citrus, Fruit'
#17 'NOT Citrus, Fruit'
#20 'Starchy, NOT Fruit'
#22 'NOT Starchy, NOT Fruit'

# Wed, 02 Nov 2016 10:40:00
#2c because bannans is in the fruit catagory therefor it will never be counted as not a fruit

# Wed, 02 Nov 2016 10:43:40
food_id_test()
food_id passed all tests!
# Wed, 02 Nov 2016 10:43:48
%run "c:\users\z3472~1.gro\appdata\local\temp\tmpkedw49.py"# Wed, 02 Nov 2016 10:43:52
food_id_test()
food_id passed all tests!
# Wed, 02 Nov 2016 10:46:41
food_id_test()
#[Out]# True
# Wed, 02 Nov 2016 10:59:42
%run "c:\users\z3472~1.gro\appdata\local\temp\tmpcycwg3.py"# Wed, 02 Nov 2016 11:00:39
%logstop
%logstart -ort zachgrover134.log append
test
#[Out]# <bound method NoseTester.test of <numpy.testing.nosetester.NoseTester object at 0x0000000003C157F0>>
f(12)
%run C:/Users/z.grover/Documents/python/1_3_4/zachgrover1.3.4.pyt
f(12)
%logstop
%cd "C:\Users\z.grover\Documents\python\1_3_4"
# Thu, 03 Nov 2016 10:25:54
f(12)
# Thu, 03 Nov 2016 10:26:41
#5

# Thu, 03 Nov 2016 10:27:01
f(3.3020998)
# Thu, 03 Nov 2016 10:27:18
f(57)
# Thu, 03 Nov 2016 10:27:34
f(100000000000000000000)
# Thu, 03 Nov 2016 10:30:08
#6

# Thu, 03 Nov 2016 10:30:10
a = raw_input('Give me a number between 5 and 6: ')
# Thu, 03 Nov 2016 10:32:03
a
#[Out]# u''
# Thu, 03 Nov 2016 10:34:13
type(a)
#[Out]# unicode
# Thu, 03 Nov 2016 10:41:11
a = raw_input('Give me a number between 5 and 6: ')
# Thu, 03 Nov 2016 10:42:22
type(a)
#[Out]# unicode
# Thu, 03 Nov 2016 10:44:29
int(a)
# Thu, 03 Nov 2016 10:44:49
float(a)
#[Out]# 5.5
# Thu, 03 Nov 2016 10:44:58
int(float(a))
#[Out]# 5
# Thu, 03 Nov 2016 10:45:32
b = 6
# Thu, 03 Nov 2016 10:45:39
a + b
# Thu, 03 Nov 2016 10:45:54
a + str(b)
#[Out]# u'5.56'
# Thu, 03 Nov 2016 10:46:03
float(a) + b
#[Out]# 11.5
# Thu, 03 Nov 2016 10:54:28
#6a because the concatenation was trying to add a float and when using numaric addition takes the string and turns it into a numaric value

# Thu, 03 Nov 2016 10:56:12
#6b because it is a float and the first one is turning the float into an intiger 

# Thu, 03 Nov 2016 10:56:19
%logstop
%cd "C:\Users\z.grover\Documents\python\1_3_4"
# Mon, 07 Nov 2016 10:20:00
#7

# Mon, 07 Nov 2016 10:22:59
guess_once()
# Mon, 07 Nov 2016 10:23:06
%run C:/Users/z.grover/Documents/python/1_3_4/zachgrover1.3.4.pyt# Mon, 07 Nov 2016 10:23:10
guess_once()
# Mon, 07 Nov 2016 10:25:05
guess_once()
# Mon, 07 Nov 2016 10:25:20
guess_once()
# Mon, 07 Nov 2016 10:26:48
%run C:/Users/z.grover/Documents/python/1_3_4/zachgrover1.3.4.pyt# Mon, 07 Nov 2016 10:26:59
guess_once()
# Mon, 07 Nov 2016 10:27:07
guess_once()
# Mon, 07 Nov 2016 10:27:15
guess_once()
# Mon, 07 Nov 2016 10:46:01
guess_once()
# Mon, 07 Nov 2016 10:46:07
%run C:/Users/z.grover/Documents/python/1_3_4/zachgrover1.3.4.pyt# Mon, 07 Nov 2016 10:46:10
guess_once()
# Mon, 07 Nov 2016 10:46:14
%run C:/Users/z.grover/Documents/python/1_3_4/zachgrover1.3.4.pyt# Mon, 07 Nov 2016 10:46:44
%run C:/Users/z.grover/Documents/python/1_3_4/zachgrover1.3.4.pyt# Mon, 07 Nov 2016 10:46:47
guess_once()
# Mon, 07 Nov 2016 10:46:52
guess_once()
# Mon, 07 Nov 2016 10:46:57
guess_once()
# Mon, 07 Nov 2016 10:51:23
%log stop
# Mon, 07 Nov 2016 10:51:30
%logstop
%cd "C:\Users\z.grover\Documents\python\1_3_4"
# Wed, 16 Nov 2016 10:29:31
#1.	What is the relationship between if-structures and glass box testing?
# glass box testing tests every posibility by asking a ton of if stattements.

# Wed, 16 Nov 2016 10:29:56
2.	#What does a test suite do, and why do you think programmers often write test suites first, before they've even written the functions that will be tested?
#[Out]# 2.0
# Wed, 16 Nov 2016 10:33:20
#it tests the efeciveness and corectens of a program. to make sure they are on the right track and have an outline to follow.

# Wed, 16 Nov 2016 10:33:24
%logstop
