# IPython log file

%run "c:\users\z3472~1.gro\appdata\local\temp\tmp63uxfg.py"
import matplotlib.pyplot as plt
a = randn(10000)
plt.hist(a)
#[Out]# (array([    9.,   102.,   534.,  1655.,  2847.,  2814.,  1535.,   427.,
#[Out]#           73.,     4.]), array([-3.87166293, -3.0876447 , -2.30362647, -1.51960824, -0.73559   ,
#[Out]#         0.04842823,  0.83244646,  1.61646469,  2.40048292,  3.18450116,
#[Out]#         3.96851939]), <a list of 10 Patch objects>)
plt.show()
%cd "C:\Users\z.grover\Documents\python"
import matplotlib.pyplot as plt
a = randn(10000)
# Fri, 21 Oct 2016 10:34:02
# zachgrover 10-21-2016 1.3.2

# Fri, 21 Oct 2016 10:37:42
1 + 900000
#[Out]# 900001
# Fri, 21 Oct 2016 10:40:29
5 + 4.00
#[Out]# 9.0
# Fri, 21 Oct 2016 10:42:30
7 * 2.
#[Out]# 14.0
# Fri, 21 Oct 2016 10:46:41
7/2.
#[Out]# 3.5
# Fri, 21 Oct 2016 10:49:12
7/2
#[Out]# 3
# Fri, 21 Oct 2016 10:51:14
#an int/int gives an int value where as an int/float gives a float value

# Fri, 21 Oct 2016 10:57:21
# 8. Assignment

# Fri, 21 Oct 2016 10:57:45
student_age = 16
# Fri, 21 Oct 2016 10:57:55
%logstop
%cd "C:\Users\z.grover\Documents\python"
%logstart -ort zachgrover_1_3_2 append
a = 2
#8^
%logstop
% logstop
# Mon, 24 Oct 2016 10:33:45
a
#[Out]# 2
# Mon, 24 Oct 2016 10:33:48
a * 7
#[Out]# 14
# Mon, 24 Oct 2016 10:34:00
3 ** 2
#[Out]# 9
# Mon, 24 Oct 2016 10:34:34
23 ** 43
#[Out]# 35834136918934220777541995677272642015423987712183913488967L
# Mon, 24 Oct 2016 10:34:57
abs(-7)
#[Out]# 7
# Mon, 24 Oct 2016 10:37:08
%run "C:/Users/z.grover/Documents/python/zachgrover 10-21-2016 1.3.2.py"# Mon, 24 Oct 2016 10:40:49
# 1) so it is more efficent 2) so you can test smaller lines before you put it into the edditor 

# Mon, 24 Oct 2016 10:53:38
#14 it frees up memory in the system that will allow the programto be more efficient

# Mon, 24 Oct 2016 10:54:25
a = add_tip(20, 0.15)
# Mon, 24 Oct 2016 10:54:32
aa
# Mon, 24 Oct 2016 10:54:45
a
#[Out]# 23.0
# Mon, 24 Oct 2016 10:55:05
add_tip(30, 0.15)
#[Out]# 34.5
# Mon, 24 Oct 2016 10:57:04
#on 17

# Mon, 24 Oct 2016 10:57:17
%logstop
